<?xml version="1.0" encoding="UTF-8"?>
<!-- Generated by org.testng.reporters.JUnitXMLReporter -->
<testsuite ignored="0" hostname="C02HG884Q6L5" failures="0" tests="20" name="Default test" time="3.397" errors="0" timestamp="2022-12-19T13:19:21 IST">
  <testcase classname="com.javapoint.controllerTest.ReviewControllerTest" name="addReview" time="0.605"/>
  <testcase classname="com.javapoint.controllerTest.ReviewControllerTest" name="updateReview" time="0.143"/>
  <testcase classname="com.javapoint.controllerTest.ReviewControllerTest" name="getReview" time="0.117"/>
  <testcase classname="com.javapoint.controllerTest.ReviewControllerTest" name="deleteReview" time="0.122"/>
  <testcase classname="com.javapoint.controllerTest.ActorControllerTest" name="addActor" time="0.127"/>
  <testcase classname="com.javapoint.controllerTest.ActorControllerTest" name="updateActor" time="0.131"/>
  <testcase classname="com.javapoint.controllerTest.ActorControllerTest" name="getActor" time="0.141"/>
  <testcase classname="com.javapoint.controllerTest.ActorControllerTest" name="deleteActor" time="0.136"/>
  <testcase classname="com.javapoint.controllerTest.UserControllerTest" name="addUser" time="0.147"/>
  <testcase classname="com.javapoint.controllerTest.UserControllerTest" name="updateUser" time="0.132"/>
  <testcase classname="com.javapoint.controllerTest.UserControllerTest" name="getUser" time="0.114"/>
  <testcase classname="com.javapoint.controllerTest.UserControllerTest" name="deleteUser" time="0.117"/>
  <testcase classname="com.javapoint.controllerTest.MovieControllerTest" name="addMovie" time="0.142"/>
  <testcase classname="com.javapoint.controllerTest.MovieControllerTest" name="updateMovie" time="0.129"/>
  <testcase classname="com.javapoint.controllerTest.MovieControllerTest" name="getMovie" time="0.124"/>
  <testcase classname="com.javapoint.controllerTest.MovieControllerTest" name="deleteMovie" time="0.129"/>
  <testcase classname="com.javapoint.controllerTest.RoleControllerTest" name="addRole" time="0.126"/>
  <testcase classname="com.javapoint.controllerTest.RoleControllerTest" name="updateRole" time="0.116"/>
  <testcase classname="com.javapoint.controllerTest.RoleControllerTest" name="getRole" time="0.114"/>
  <testcase classname="com.javapoint.controllerTest.RoleControllerTest" name="deleteRole" time="0.113"/>
</testsuite> <!-- Default test -->
